[www.moradhamdy.com/morad/traveltour-demo/index04b9.html]
[www.moradhamdy.com/morad/traveltour-demo/css/skins/preview/skin-default.css]
[www.moradhamdy.com/morad/traveltour-demo/css/style.css]
[www.moradhamdy.com/morad/traveltour-demo/images/general-elements/favicon/favicon.png]
[www.moradhamdy.com/morad/traveltour-demo/images/general-elements/favicon/apple-touch-icon.png]
[www.moradhamdy.com/morad/traveltour-demo/images/general-elements/favicon/apple-touch-icon-72x72.png]
[www.moradhamdy.com/morad/traveltour-demo/images/general-elements/favicon/apple-touch-icon-114x114.png]
[backblue.gif]
[fade.gif]
[index.html]
[rec.smartlook.com/recorder.js]
[www.moradhamdy.com/morad/traveltour-demo/images/files/logo.png]
[www.moradhamdy.com/morad/traveltour-demo/images/files/sliders/banner/img-19.jpg]
[www.moradhamdy.com/morad/traveltour-demo/images/files/sliders/banner/img-37.jpg]
[www.moradhamdy.com/morad/traveltour-demo/images/files/sliders/banner/img-23.jpg]
[www.moradhamdy.com/morad/traveltour-demo/images/files/sliders/banner/img-20.jpg]
[www.moradhamdy.com/morad/traveltour-demo/images/files/sliders/banner/img-11.jpg]
[www.moradhamdy.com/morad/traveltour-demo/images/files/our-services/img-1.jpg]
[www.moradhamdy.com/morad/traveltour-demo/images/files/our-services/img-2.jpg]
[www.moradhamdy.com/morad/traveltour-demo/images/files/our-services/img-3.jpg]
[www.moradhamdy.com/morad/traveltour-demo/images/files/sliders/popular-packages/img-1.jpg]
[www.moradhamdy.com/morad/traveltour-demo/images/files/sliders/popular-packages/img-2.jpg]
[www.moradhamdy.com/morad/traveltour-demo/images/files/sliders/popular-packages/img-3.jpg]
[www.moradhamdy.com/morad/traveltour-demo/images/files/sliders/popular-packages/img-4.jpg]
[www.moradhamdy.com/morad/traveltour-demo/images/files/sliders/popular-packages/img-5.jpg]
[www.moradhamdy.com/morad/traveltour-demo/images/files/portfolio/img-1.jpg]
[www.moradhamdy.com/morad/traveltour-demo/portfolio-single-1.html]
[www.moradhamdy.com/morad/traveltour-demo/images/files/portfolio/img-2.jpg]
[www.moradhamdy.com/morad/traveltour-demo/portfolio-single-2.html]
[www.moradhamdy.com/morad/traveltour-demo/images/files/portfolio/img-3.jpg]
[www.moradhamdy.com/morad/traveltour-demo/portfolio-single-3.html]
[www.moradhamdy.com/morad/traveltour-demo/images/files/portfolio/img-4.jpg]
[www.moradhamdy.com/morad/traveltour-demo/portfolio-single-4.html]
[www.moradhamdy.com/morad/traveltour-demo/images/files/portfolio/img-5.jpg]
[www.moradhamdy.com/morad/traveltour-demo/images/files/portfolio/lightbox/img-5.jpg]
[www.moradhamdy.com/morad/traveltour-demo/images/files/portfolio/img-6.jpg]
[www.moradhamdy.com/morad/traveltour-demo/images/files/portfolio/lightbox/img-6.jpg]
[www.moradhamdy.com/morad/traveltour-demo/images/files/portfolio/img-7.jpg]
[www.moradhamdy.com/morad/traveltour-demo/images/files/portfolio/lightbox/img-7.jpg]
[www.moradhamdy.com/morad/traveltour-demo/images/files/portfolio/img-8.jpg]
[www.moradhamdy.com/morad/traveltour-demo/images/files/portfolio/lightbox/img-8.jpg]
[www.moradhamdy.com/morad/traveltour-demo/images/files/sliders/tour-guide/img-1.jpg]
[www.moradhamdy.com/morad/traveltour-demo/images/files/sliders/tour-guide/img-2.jpg]
[www.moradhamdy.com/morad/traveltour-demo/images/files/sliders/tour-guide/img-3.jpg]
[www.moradhamdy.com/morad/traveltour-demo/images/files/sliders/tour-guide/img-4.jpg]
[www.moradhamdy.com/morad/traveltour-demo/images/files/sliders/tour-guide/img-5.jpg]
[www.moradhamdy.com/morad/traveltour-demo/images/files/sliders/testmonials/img-1.jpg]
[www.moradhamdy.com/morad/traveltour-demo/images/files/sliders/testmonials/img-2.jpg]
[www.moradhamdy.com/morad/traveltour-demo/images/files/sliders/testmonials/img-3.jpg]
[www.moradhamdy.com/morad/traveltour-demo/images/files/sliders/clients/img-1.png]
[www.moradhamdy.com/morad/traveltour-demo/images/files/sliders/clients/img-2.png]
[www.moradhamdy.com/morad/traveltour-demo/images/files/sliders/clients/img-3.png]
[www.moradhamdy.com/morad/traveltour-demo/images/files/sliders/clients/img-4.png]
[www.moradhamdy.com/morad/traveltour-demo/images/files/logo-footer.png]
[www.moradhamdy.com/morad/traveltour-demo/js/jquery.js]
[www.moradhamdy.com/morad/traveltour-demo/js/jRespond.min.js]
[www.moradhamdy.com/morad/traveltour-demo/js/jquery.easing.min.js]
[www.moradhamdy.com/morad/traveltour-demo/js/jquery.fitvids.js]
[moradhamdy.com/morad/traveltour-demo/js/wow.min.38.delayed]
[www.moradhamdy.com/morad/traveltour-demo/js/jquery.stellar.js]
[www.moradhamdy.com/morad/traveltour-demo/js/owl.carousel.min.js]
[www.moradhamdy.com/morad/traveltour-demo/js/hoverIntent.js]
[www.moradhamdy.com/morad/traveltour-demo/js/simple-scrollbar.min.js]
[www.moradhamdy.com/morad/traveltour-demo/js/superfish.js]
[www.moradhamdy.com/morad/traveltour-demo/js/scrollIt.min.js]
[www.moradhamdy.com/morad/traveltour-demo/js/isotope.pkgd.min.js]
[www.moradhamdy.com/morad/traveltour-demo/js/jquery.magnific-popup.min.js]
[www.moradhamdy.com/morad/traveltour-demo/js/jquery.waitforimages.min.js]
[www.moradhamdy.com/morad/traveltour-demo/js/jquery.validate.min.js]
[www.moradhamdy.com/morad/traveltour-demo/js/google-map.js]
[www.moradhamdy.com/morad/traveltour-demo/js/functions.js]
[www.moradhamdy.com/morad/traveltour-demo/index04b9.html]
[moradhamdy.com/morad/traveltour-demo/css/owl.video.play.png]
[www.moradhamdy.com/morad/traveltour-demo/css/fonts/fontAwesome/fontawesome-webfont5b62.eot]
[www.moradhamdy.com/morad/traveltour-demo/css/fonts/fontAwesome/fontawesome-webfontd41d.eot]
[www.moradhamdy.com/morad/traveltour-demo/css/fonts/fontAwesome/fontawesome-webfont5b62.woff2]
[www.moradhamdy.com/morad/traveltour-demo/css/fonts/fontAwesome/fontawesome-webfont5b62.woff]
[www.moradhamdy.com/morad/traveltour-demo/css/fonts/fontAwesome/fontawesome-webfont5b62.ttf]
[www.moradhamdy.com/morad/traveltour-demo/css/fonts/fontAwesome/fontawesome-webfont5b62.svg]
[moradhamdy.com/morad/traveltour-demo/images/files/page-title.jpg]
[www.moradhamdy.com/morad/traveltour-demo/images/general-elements/overlay-pattern.png]
[www.moradhamdy.com/morad/traveltour-demo/css/style.css]
[www.moradhamdy.com/morad/traveltour-demo/css/skins/preview/skin-default.css]
[fonts.googleapis.com/earlyaccess/droidarabickufi.css]
[www.moradhamdy.com/morad/traveltour-demo/images/files/sliders/portfolio-single/img-1.jpg]
[www.moradhamdy.com/morad/traveltour-demo/images/files/sliders/portfolio-single/img-2.jpg]
[www.moradhamdy.com/morad/traveltour-demo/images/files/sliders/portfolio-single/img-3.jpg]
[www.moradhamdy.com/morad/traveltour-demo/portfolio-single-1.html]
[www.moradhamdy.com/morad/traveltour-demo/portfolio-single-2.html]
[www.moradhamdy.com/morad/traveltour-demo/portfolio-single-3.html]
[www.moradhamdy.com/morad/traveltour-demo/portfolio-single-4.html]
[www.moradhamdy.com/morad/traveltour-demo/js/jquery.js]
[www.moradhamdy.com/morad/traveltour-demo/js/jRespond.min.js]
[www.moradhamdy.com/morad/traveltour-demo/js/jquery.easing.min.js]
[www.moradhamdy.com/morad/traveltour-demo/js/jquery.fitvids.js]
[moradhamdy.com/morad/traveltour-demo/js/wow.min.html]
[www.moradhamdy.com/morad/traveltour-demo/js/jquery.stellar.js]
[www.moradhamdy.com/morad/traveltour-demo/js/owl.carousel.min.js]
[www.moradhamdy.com/morad/traveltour-demo/js/hoverIntent.js]
[www.moradhamdy.com/morad/traveltour-demo/js/simple-scrollbar.min.js]
[www.moradhamdy.com/morad/traveltour-demo/js/superfish.js]
[www.moradhamdy.com/morad/traveltour-demo/js/scrollIt.min.js]
[www.moradhamdy.com/morad/traveltour-demo/js/isotope.pkgd.min.js]
[www.moradhamdy.com/morad/traveltour-demo/js/jquery.magnific-popup.min.js]
[www.moradhamdy.com/morad/traveltour-demo/js/jquery.waitforimages.min.js]
[www.moradhamdy.com/morad/traveltour-demo/js/jquery.validate.min.js]
[www.moradhamdy.com/morad/traveltour-demo/js/google-map.js]
[www.moradhamdy.com/morad/traveltour-demo/switcher.html]
[www.moradhamdy.com/morad/traveltour-demo/js/functions.js]
[moradhamdy.com/morad/traveltour-demo/css/owl.video.play.html]
[www.moradhamdy.com/morad/traveltour-demo/css/fonts/fontAwesome/fontawesome-webfont5b62.svg]
[moradhamdy.com/morad/traveltour-demo/images/files/page-title.html]
[www.moradhamdy.com/morad/traveltour-demo/images/files/ss-icon-3.png]
[www.moradhamdy.com/morad/traveltour-demo/index.html]
[www.moradhamdy.com/morad/traveltour-demo/images/files/style-switcher/img-1.jpg]
[moradhamdy.com/morad/traveltour-demo/images/files/preview-images/image1.jpg]
[www.moradhamdy.com/morad/traveltour-demo/index-rtl.html]
[www.moradhamdy.com/morad/traveltour-demo/images/files/style-switcher/img-2.jpg]
[www.moradhamdy.com/morad/traveltour-demo/index-video-bg.html]
[www.moradhamdy.com/morad/traveltour-demo/images/files/style-switcher/img-3.jpg]
[www.moradhamdy.com/morad/traveltour-demo/index-parallax.html]
[www.moradhamdy.com/morad/traveltour-demo/images/files/style-switcher/img-4.jpg]
[www.moradhamdy.com/morad/traveltour-demo/index-fullscreen-header-2.html]
[www.moradhamdy.com/morad/traveltour-demo/images/files/style-switcher/img-5.jpg]
[moradhamdy.com/morad/traveltour-demo/images/files/preview-images/image5.jpg]
[www.moradhamdy.com/morad/traveltour-demo/index-fullscreen-header-3.html]
[www.moradhamdy.com/morad/traveltour-demo/images/files/style-switcher/img-6.jpg]
[www.moradhamdy.com/morad/traveltour-demo/index-fullscreen-header-2-rtl.html]
[www.moradhamdy.com/morad/traveltour-demo/images/files/style-switcher/img-7.jpg]
[www.moradhamdy.com/morad/traveltour-demo/index-fullscreen-header-3-rtl.html]
[www.moradhamdy.com/morad/traveltour-demo/images/files/style-switcher/img-8.jpg]
[www.moradhamdy.com/morad/traveltour-demo/switcher.html]
[www.moradhamdy.com/morad/traveltour-demo/index.html]
[moradhamdy.com/morad/traveltour-demo/images/files/preview-images/image1.html]
[www.moradhamdy.com/morad/traveltour-demo/css/style-rtl.css]
[www.moradhamdy.com/morad/traveltour-demo/images/files/logo-rtl.png]
[www.moradhamdy.com/morad/traveltour-demo/loadmore-portfolio-items-rtl.html]
[www.moradhamdy.com/morad/traveltour-demo/portfolio-single-1-rtl.html]
[www.moradhamdy.com/morad/traveltour-demo/portfolio-single-2-rtl.html]
[www.moradhamdy.com/morad/traveltour-demo/portfolio-single-3-rtl.html]
[www.moradhamdy.com/morad/traveltour-demo/portfolio-single-4-rtl.html]
[www.moradhamdy.com/morad/traveltour-demo/images/files/logo-footer-rtl.png]
[ajax.aspnetcdn.com/ajax/jquery.validate/1.9/localization/messages_ar.js]
[www.moradhamdy.com/morad/traveltour-demo/index-rtl.html]
[www.moradhamdy.com/morad/traveltour-demo/js/jquery.mb.YTPlayer.min.js]
[www.moradhamdy.com/morad/traveltour-demo/index-video-bg.html]
[www.moradhamdy.com/morad/traveltour-demo/index-parallax.html]
[www.moradhamdy.com/morad/traveltour-demo/index-fullscreen-header-2.html]
[moradhamdy.com/morad/traveltour-demo/images/files/preview-images/image5.html]
[www.moradhamdy.com/morad/traveltour-demo/index-fullscreen-header-3.html]
[www.moradhamdy.com/morad/traveltour-demo/index-fullscreen-header-2-rtl.html]
[www.moradhamdy.com/morad/traveltour-demo/index-fullscreen-header-3-rtl.html]
[www.moradhamdy.com/morad/traveltour-demo/css/style-rtl.css]
[www.moradhamdy.com/morad/traveltour-demo/images/files/portfolio/img-9.jpg]
[www.moradhamdy.com/morad/traveltour-demo/images/files/portfolio/lightbox/img-9.jpg]
[www.moradhamdy.com/morad/traveltour-demo/images/files/portfolio/img-10.jpg]
[www.moradhamdy.com/morad/traveltour-demo/images/files/portfolio/lightbox/img-10.jpg]
[www.moradhamdy.com/morad/traveltour-demo/images/files/portfolio/img-11.jpg]
[www.moradhamdy.com/morad/traveltour-demo/images/files/portfolio/lightbox/img-11.jpg]
[www.moradhamdy.com/morad/traveltour-demo/images/files/portfolio/img-12.jpg]
[www.moradhamdy.com/morad/traveltour-demo/images/files/portfolio/lightbox/img-12.jpg]
[www.moradhamdy.com/morad/traveltour-demo/images/files/portfolio/img-13.jpg]
[www.moradhamdy.com/morad/traveltour-demo/images/files/portfolio/lightbox/img-13.jpg]
[www.moradhamdy.com/morad/traveltour-demo/loadmore-portfolio-items-rtl.html]
[www.moradhamdy.com/morad/traveltour-demo/portfolio-single-1-rtl.html]
[www.moradhamdy.com/morad/traveltour-demo/portfolio-single-2-rtl.html]
[www.moradhamdy.com/morad/traveltour-demo/portfolio-single-3-rtl.html]
[www.moradhamdy.com/morad/traveltour-demo/portfolio-single-4-rtl.html]
[www.moradhamdy.com/morad/traveltour-demo/js/jquery.mb.YTPlayer.min.js]
